This is pdfTeX, Version 3.1415926-2.5-1.40.14 (TeX Live 2013/MacPorts 2013_5) (format=latex 2014.4.30)  4 AUG 2014 01:11
entering extended mode
 \write18 enabled.
 file:line:error style messages enabled.
 %&-line parsing enabled.
**cv.tex
(./cv.tex
LaTeX2e <2011/06/27>
Babel <3.9f> and hyphenation patterns for 43 languages loaded.
(/opt/local/share/texmf-texlive/tex/latex/base/article.cls
Document Class: article 2007/10/19 v1.4h Standard LaTeX document class
(/opt/local/share/texmf-texlive/tex/latex/base/size11.clo
File: size11.clo 2007/10/19 v1.4h Standard LaTeX file (size option)
)
\c@part=\count79
\c@section=\count80
\c@subsection=\count81
\c@subsubsection=\count82
\c@paragraph=\count83
\c@subparagraph=\count84
\c@figure=\count85
\c@table=\count86
\abovecaptionskip=\skip41
\belowcaptionskip=\skip42
\bibindent=\dimen102
)
(/opt/local/share/texmf-texlive/tex/latex/graphics/graphicx.sty
Package: graphicx 1999/02/16 v1.0f Enhanced LaTeX Graphics (DPC,SPQR)

(/opt/local/share/texmf-texlive/tex/latex/graphics/keyval.sty
Package: keyval 1999/03/16 v1.13 key=value parser (DPC)
\KV@toks@=\toks14
)
(/opt/local/share/texmf-texlive/tex/latex/graphics/graphics.sty
Package: graphics 2009/02/05 v1.0o Standard LaTeX Graphics (DPC,SPQR)

(/opt/local/share/texmf-texlive/tex/latex/graphics/trig.sty
Package: trig 1999/03/16 v1.09 sin cos tan (DPC)
)
(/opt/local/share/texmf-texlive/tex/latex/latexconfig/graphics.cfg
File: graphics.cfg 2010/04/23 v1.9 graphics configuration of TeX Live
)
Package graphics Info: Driver file: dvips.def on input line 91.

(/opt/local/share/texmf-texlive/tex/latex/graphics/dvips.def
File: dvips.def 1999/02/16 v3.0i Driver-dependant file (DPC,SPQR)
))
\Gin@req@height=\dimen103
\Gin@req@width=\dimen104
)
(/opt/local/share/texmf-texlive/tex/latex/graphics/epsfig.sty
Package: epsfig 1999/02/16 v1.7a (e)psfig emulation (SPQR)
\epsfxsize=\dimen105
\epsfysize=\dimen106
)
(/opt/local/share/texmf-texlive/tex/latex/oberdiek/epstopdf.sty
Package: epstopdf 2010/02/09 v2.5 Conversion with epstopdf on the fly (HO)

(/opt/local/share/texmf-texlive/tex/latex/oberdiek/epstopdf-base.sty
Package: epstopdf-base 2010/02/09 v2.5 Base part for package epstopdf

(/opt/local/share/texmf-texlive/tex/generic/oberdiek/infwarerr.sty
Package: infwarerr 2010/04/08 v1.3 Providing info/warning/error messages (HO)
)
(/opt/local/share/texmf-texlive/tex/latex/oberdiek/grfext.sty
Package: grfext 2010/08/19 v1.1 Manage graphics extensions (HO)

(/opt/local/share/texmf-texlive/tex/generic/oberdiek/kvdefinekeys.sty
Package: kvdefinekeys 2011/04/07 v1.3 Define keys (HO)

(/opt/local/share/texmf-texlive/tex/generic/oberdiek/ltxcmds.sty
Package: ltxcmds 2011/11/09 v1.22 LaTeX kernel commands for general use (HO)
)))
(/opt/local/share/texmf-texlive/tex/latex/oberdiek/kvoptions.sty
Package: kvoptions 2011/06/30 v3.11 Key value format for package options (HO)

(/opt/local/share/texmf-texlive/tex/generic/oberdiek/kvsetkeys.sty
Package: kvsetkeys 2012/04/25 v1.16 Key value parser (HO)

(/opt/local/share/texmf-texlive/tex/generic/oberdiek/etexcmds.sty
Package: etexcmds 2011/02/16 v1.5 Avoid name clashes with e-TeX commands (HO)

(/opt/local/share/texmf-texlive/tex/generic/oberdiek/ifluatex.sty
Package: ifluatex 2010/03/01 v1.3 Provides the ifluatex switch (HO)
Package ifluatex Info: LuaTeX not detected.
)
Package etexcmds Info: Could not find \expanded.
(etexcmds)             That can mean that you are not using pdfTeX 1.50 or
(etexcmds)             that some package has redefined \expanded.
(etexcmds)             In the latter case, load this package earlier.
)))
(/opt/local/share/texmf-texlive/tex/generic/oberdiek/pdftexcmds.sty
Package: pdftexcmds 2011/11/29 v0.20 Utility functions of pdfTeX for LuaTeX (HO
)

(/opt/local/share/texmf-texlive/tex/generic/oberdiek/ifpdf.sty
Package: ifpdf 2011/01/30 v2.3 Provides the ifpdf switch (HO)
Package ifpdf Info: pdfTeX in PDF mode is not detected.
)
Package pdftexcmds Info: LuaTeX not detected.
Package pdftexcmds Info: \pdf@primitive is available.
Package pdftexcmds Info: \pdf@ifprimitive is available.
Package pdftexcmds Info: \pdfdraftmode is ignored in DVI mode.
)

Package epstopdf Warning: Drivers other than `pdftex.def' are not supported.

)) (/opt/local/share/texmf-texlive/tex/latex/sauerj/parcolumns.sty
Package: parcolumns 2004/11/25 v1.2 Typeset multiple parallel columns

(/opt/local/share/texmf-texlive/tex/latex/sauerj/processkv.sty
Package: processkv 2004/08/09 v1.0.1 process key=value lists
)
\pc@columnctr=\count87
\pc@columncount=\count88
\pc@everypar=\toks15
)
(/opt/local/share/texmf-texlive/tex/latex/geometry/geometry.sty
Package: geometry 2010/09/12 v5.6 Page Geometry

(/opt/local/share/texmf-texlive/tex/generic/oberdiek/ifvtex.sty
Package: ifvtex 2010/03/01 v1.5 Detect VTeX and its facilities (HO)
Package ifvtex Info: VTeX not detected.
)
(/opt/local/share/texmf-texlive/tex/generic/ifxetex/ifxetex.sty
Package: ifxetex 2010/09/12 v0.6 Provides ifxetex conditional
)
\Gm@cnth=\count89
\Gm@cntv=\count90
\c@Gm@tempcnt=\count91
\Gm@bindingoffset=\dimen107
\Gm@wd@mp=\dimen108
\Gm@odd@mp=\dimen109
\Gm@even@mp=\dimen110
\Gm@layoutwidth=\dimen111
\Gm@layoutheight=\dimen112
\Gm@layouthoffset=\dimen113
\Gm@layoutvoffset=\dimen114
\Gm@dimlist=\toks16
)
(/opt/local/share/texmf-texlive/tex/generic/ulem/ulem.sty
\UL@box=\box26
\UL@hyphenbox=\box27
\UL@skip=\skip43
\UL@hook=\toks17
\UL@height=\dimen115
\UL@pe=\count92
\UL@pixel=\dimen116
\ULC@box=\box28
Package: ulem 2012/05/18
\ULdepth=\dimen117
) (./cv.aux)
\openout1 = `cv.aux'.

LaTeX Font Info:    Checking defaults for OML/cmm/m/it on input line 14.
LaTeX Font Info:    ... okay on input line 14.
LaTeX Font Info:    Checking defaults for T1/cmr/m/n on input line 14.
LaTeX Font Info:    ... okay on input line 14.
LaTeX Font Info:    Checking defaults for OT1/cmr/m/n on input line 14.
LaTeX Font Info:    ... okay on input line 14.
LaTeX Font Info:    Checking defaults for OMS/cmsy/m/n on input line 14.
LaTeX Font Info:    ... okay on input line 14.
LaTeX Font Info:    Checking defaults for OMX/cmex/m/n on input line 14.
LaTeX Font Info:    ... okay on input line 14.
LaTeX Font Info:    Checking defaults for U/cmr/m/n on input line 14.
LaTeX Font Info:    ... okay on input line 14.

*geometry* driver: auto-detecting
*geometry* detected driver: dvips
*geometry* verbose mode - [ preamble ] result:
* driver: dvips
* paper: <default>
* layout: <same size as paper>
* layoutoffset:(h,v)=(0.0pt,0.0pt)
* modes: 
* h-part:(L,W,R)=(72.26999pt, 469.75502pt, 72.26999pt)
* v-part:(T,H,B)=(72.26999pt, 650.43001pt, 72.26999pt)
* \paperwidth=614.295pt
* \paperheight=794.96999pt
* \textwidth=469.75502pt
* \textheight=650.43001pt
* \oddsidemargin=0.0pt
* \evensidemargin=0.0pt
* \topmargin=-37.0pt
* \headheight=12.0pt
* \headsep=25.0pt
* \topskip=11.0pt
* \footskip=30.0pt
* \marginparwidth=59.0pt
* \marginparsep=10.0pt
* \columnsep=10.0pt
* \skip\footins=10.0pt plus 4.0pt minus 2.0pt
* \hoffset=0.0pt
* \voffset=0.0pt
* \mag=1000
* \@twocolumnfalse
* \@twosidefalse
* \@mparswitchfalse
* \@reversemarginfalse
* (1in=72.27pt=25.4mm, 1cm=28.453pt)

\pc@column@1=\box29
\pc@column@width@1=\dimen118
\pc@column@2=\box30
\pc@column@width@2=\dimen119
\pc@column@3=\box31
\pc@column@width@3=\dimen120
Package parcolumns Info: Width of column 1 set to 93.94957pt on input line 25.
Package parcolumns Info: Width of column 2 set to 258.36668pt on input line 25.

Package parcolumns Info: Width of column 3 set to 117.43875pt on input line 25.

Package parcolumns Info: Width of column 1 set to 93.94957pt on input line 33.
Package parcolumns Info: Width of column 2 set to 258.36668pt on input line 33.

Package parcolumns Info: Width of column 3 set to 117.43875pt on input line 33.

Package parcolumns Info: Width of column 1 set to 93.94957pt on input line 41.
Package parcolumns Info: Width of column 2 set to 258.36668pt on input line 41.

Package parcolumns Info: Width of column 3 set to 117.43875pt on input line 41.

Package parcolumns Info: Width of column 1 set to 93.94957pt on input line 49.
Package parcolumns Info: Width of column 2 set to 234.8775pt on input line 49.
Package parcolumns Info: Width of column 3 set to 93.94957pt on input line 49.

Overfull \hbox (5.08414pt too wide) in paragraph at lines 50--50
\OT1/cmr/bx/n/10.95 Cumulative GPA: 3.92/4.0 \OT1/cmr/m/n/10.95 (\OT1/cmr/m/it/
10.95 summa cum laude) 
 []

Package parcolumns Info: Width of column 1 set to 93.94957pt on input line 56.
Package parcolumns Info: Width of column 2 set to 234.8775pt on input line 56.
Package parcolumns Info: Width of column 3 set to 93.94957pt on input line 56.

Overfull \hbox (7.937pt too wide) in paragraph at lines 57--57
\OT1/cmr/m/it/10.95 Sunyaev-Zel'dovich Ef-fects in Ha-los As-so-ci-ated with
 []

Package parcolumns Info: Width of column 1 set to 93.94957pt on input line 62.
Package parcolumns Info: Width of column 2 set to 258.36668pt on input line 62.

Package parcolumns Info: Width of column 3 set to 117.43875pt on input line 62.


Overfull \hbox (11.33823pt too wide) in paragraph at lines 64--64
\OT1/cmr/m/n/10.95 Sigma Xi Re-search Book Award (Prince-ton As-tro-physics) 
 []

Package parcolumns Info: Width of column 1 set to 93.94957pt on input line 71.
Package parcolumns Info: Width of column 2 set to 375.80544pt on input line 71.

Missing character: There is no Ó in font cmr10!
Package parcolumns Info: Width of column 1 set to 93.94957pt on input line 79.
Package parcolumns Info: Width of column 2 set to 375.80544pt on input line 79.

Package parcolumns Info: Width of column 1 set to 93.94957pt on input line 87.
Package parcolumns Info: Width of column 2 set to 375.80544pt on input line 87.

Package parcolumns Info: Width of column 1 set to 93.94957pt on input line 95.
Package parcolumns Info: Width of column 2 set to 375.80544pt on input line 95.

[1

]
Package parcolumns Info: Width of column 1 set to 93.94957pt on input line 103.

Package parcolumns Info: Width of column 2 set to 375.80544pt on input line 103
.
Package parcolumns Info: Width of column 1 set to 93.94957pt on input line 111.

Package parcolumns Info: Width of column 2 set to 375.80544pt on input line 111
.
Package parcolumns Info: Width of column 1 set to 93.94957pt on input line 118.

Package parcolumns Info: Width of column 2 set to 375.80544pt on input line 118
.
Package parcolumns Info: Width of column 1 set to 93.94957pt on input line 125.

Package parcolumns Info: Width of column 2 set to 258.36668pt on input line 125
.
Package parcolumns Info: Width of column 3 set to 117.43875pt on input line 125
.
Package parcolumns Info: Width of column 1 set to 93.94957pt on input line 133.

Package parcolumns Info: Width of column 2 set to 258.36668pt on input line 133
.
Package parcolumns Info: Width of column 3 set to 117.43875pt on input line 133
.
Package parcolumns Info: Width of column 1 set to 93.94957pt on input line 140.

Package parcolumns Info: Width of column 2 set to 258.36668pt on input line 140
.
Package parcolumns Info: Width of column 3 set to 117.43875pt on input line 140
.
Package parcolumns Info: Width of column 1 set to 93.94957pt on input line 148.

Package parcolumns Info: Width of column 2 set to 375.80544pt on input line 148
.
Package parcolumns Info: Width of column 1 set to 93.94957pt on input line 155.

Package parcolumns Info: Width of column 2 set to 375.80544pt on input line 155
.
 [2] (./cv.aux) ) 
Here is how much of TeX's memory you used:
 1611 strings out of 494228
 23449 string characters out of 6157730
 85580 words of memory out of 5000000
 4893 multiletter control sequences out of 15000+600000
 5514 words of font info for 21 fonts, out of 8000000 for 9000
 430 hyphenation exceptions out of 8191
 42i,4n,32p,319b,178s stack positions out of 5000i,500n,10000p,200000b,80000s

Output written on cv.dvi (2 pages, 4612 bytes).
